<?xml version="1.0" encoding="UTF-8"?>
<testsuite name="HotelReservationTest" tests="1" skipped="0" failures="0" errors="0" timestamp="2020-11-16T15:47:19" hostname="DESKTOP-7FT5EBS" time="0.004">
  <properties/>
  <testcase name="givenDetails_WhenHotelObjectCreated_ShouldReturnTrue" classname="HotelReservationTest" time="0.004"/>
  <system-out><![CDATA[]]></system-out>
  <system-err><![CDATA[]]></system-err>
</testsuite>
